<?xml version="1.0" encoding="UTF-8"?>
<testng-results ignored="3" total="5" passed="2" failed="0" skipped="0">
  <reporter-output>
  </reporter-output>
  <suite started-at="2024-09-29T11:12:54Z" name="Suite" finished-at="2024-09-29T11:13:09Z" duration-ms="14851">
    <groups>
      <group name="Purchase">
        <method signature="SubmitOrderTest.submitOrder(java.util.HashMap)[pri:0, instance:rahulshettyacademy.tests.SubmitOrderTest@6b09fb41]" name="submitOrder" class="rahulshettyacademy.tests.SubmitOrderTest"/>
      </group> <!-- Purchase -->
    </groups>
    <test started-at="2024-09-29T11:12:54Z" name="Error Validations Test" finished-at="2024-09-29T11:12:54Z" duration-ms="6">
    </test> <!-- Error Validations Test -->
    <test started-at="2024-09-29T11:12:54Z" name="Submit Order Test" finished-at="2024-09-29T11:13:09Z" duration-ms="14851">
      <class name="rahulshettyacademy.tests.SubmitOrderTest">
        <test-method is-config="true" signature="launchApplication()[pri:0, instance:rahulshettyacademy.tests.SubmitOrderTest@6b09fb41]" started-at="2024-09-29T11:12:54Z" name="launchApplication" finished-at="2024-09-29T11:12:57Z" duration-ms="3084" status="PASS">
          <reporter-output>
          </reporter-output>
        </test-method> <!-- launchApplication -->
        <test-method signature="submitOrder(java.util.HashMap)[pri:0, instance:rahulshettyacademy.tests.SubmitOrderTest@6b09fb41]" started-at="2024-09-29T11:12:57Z" name="submitOrder" data-provider="getData" finished-at="2024-09-29T11:13:00Z" duration-ms="2920" status="PASS">
          <params>
            <param index="0">
              <value>
                <![CDATA[{password=Naresh@1234, product=ZARA COAT 3, email=kandulanaresh13@gmail.com}]]>
              </value>
            </param>
          </params>
          <reporter-output>
          </reporter-output>
        </test-method> <!-- submitOrder -->
        <test-method is-config="true" signature="tearDown()[pri:0, instance:rahulshettyacademy.tests.SubmitOrderTest@6b09fb41]" started-at="2024-09-29T11:13:00Z" name="tearDown" finished-at="2024-09-29T11:13:00Z" duration-ms="188" status="PASS">
          <reporter-output>
          </reporter-output>
        </test-method> <!-- tearDown -->
        <test-method is-config="true" signature="launchApplication()[pri:0, instance:rahulshettyacademy.tests.SubmitOrderTest@6b09fb41]" started-at="2024-09-29T11:13:00Z" name="launchApplication" finished-at="2024-09-29T11:13:05Z" duration-ms="4403" status="PASS">
          <reporter-output>
          </reporter-output>
        </test-method> <!-- launchApplication -->
        <test-method signature="submitOrder(java.util.HashMap)[pri:0, instance:rahulshettyacademy.tests.SubmitOrderTest@6b09fb41]" started-at="2024-09-29T11:13:05Z" name="submitOrder" data-provider="getData" finished-at="2024-09-29T11:13:09Z" duration-ms="3795" status="PASS">
          <params>
            <param index="0">
              <value>
                <![CDATA[{password=Naresh@1234, product=ADIDAS ORIGINAL, email=kandulanaresh@gmail.com}]]>
              </value>
            </param>
          </params>
          <reporter-output>
          </reporter-output>
        </test-method> <!-- submitOrder -->
        <test-method is-config="true" signature="tearDown()[pri:0, instance:rahulshettyacademy.tests.SubmitOrderTest@6b09fb41]" started-at="2024-09-29T11:13:09Z" name="tearDown" finished-at="2024-09-29T11:13:09Z" duration-ms="180" status="PASS">
          <reporter-output>
          </reporter-output>
        </test-method> <!-- tearDown -->
      </class> <!-- rahulshettyacademy.tests.SubmitOrderTest -->
    </test> <!-- Submit Order Test -->
  </suite> <!-- Suite -->
</testng-results>
